<?xml version="1.0" encoding="UTF-8"?>
<testng-results ignored="0" total="1" passed="1" failed="0" skipped="0">
  <reporter-output>
  </reporter-output>
  <suite started-at="2020-05-31T23:26:57 IST" name="Suite" finished-at="2020-05-31T23:30:35 IST" duration-ms="217444">
    <groups>
    </groups>
    <test started-at="2020-05-31T23:26:57 IST" name="Regression" finished-at="2020-05-31T23:30:35 IST" duration-ms="217444">
      <class name="com.Craftsvilla.TestScripts.HomepageModule">
        <test-method is-config="true" signature="LaunchURL(java.lang.String)[pri:0, instance:com.Craftsvilla.TestScripts.HomepageModule@6c779568]" started-at="2020-05-31T23:26:57 IST" name="LaunchURL" finished-at="2020-05-31T23:28:16 IST" duration-ms="78177" status="PASS">
          <params>
            <param index="0">
              <value>
                <![CDATA[chrome]]>
              </value>
            </param>
          </params>
          <reporter-output>
          </reporter-output>
        </test-method> <!-- LaunchURL -->
        <test-method signature="TC_01Homepage()[pri:0, instance:com.Craftsvilla.TestScripts.HomepageModule@6c779568]" started-at="2020-05-31T23:28:16 IST" name="TC_01Homepage" finished-at="2020-05-31T23:30:33 IST" duration-ms="137654" status="PASS">
          <reporter-output>
          </reporter-output>
        </test-method> <!-- TC_01Homepage -->
        <test-method is-config="true" signature="LoggedOut()[pri:0, instance:com.Craftsvilla.TestScripts.HomepageModule@6c779568]" started-at="2020-05-31T23:30:33 IST" name="LoggedOut" finished-at="2020-05-31T23:30:35 IST" duration-ms="1418" status="PASS">
          <reporter-output>
          </reporter-output>
        </test-method> <!-- LoggedOut -->
      </class> <!-- com.Craftsvilla.TestScripts.HomepageModule -->
    </test> <!-- Regression -->
  </suite> <!-- Suite -->
</testng-results>
